<?xml version="1.0" encoding="UTF-8"?>
<!-- Generated by org.testng.reporters.JUnitReportReporter -->
<testsuite skipped="0" hostname="Asus" name="com.tcs.salesforce.tests.SP_ACC_02_VerifyEditPermissionOnKAMFieldHQAccount" tests="1" failures="0" timestamp="23 Sep 2019 10:13:57 GMT" time="65.190" errors="0">
  <testcase name="VerifyEditPermissionOnKAMFieldHQAccount" time="65.190" classname="com.tcs.salesforce.tests.SP_ACC_02_VerifyEditPermissionOnKAMFieldHQAccount"/>
</testsuite> <!-- com.tcs.salesforce.tests.SP_ACC_02_VerifyEditPermissionOnKAMFieldHQAccount -->
