<?xml version="1.0" encoding="UTF-8"?>
<!-- Generated by org.testng.reporters.JUnitReportReporter -->
<testsuite skipped="0" hostname="Asus" name="com.tcs.salesforce.tests.SP_OPP_03_ValidateStagesInNationalOpportunity" tests="1" failures="0" timestamp="23 Sep 2019 10:13:57 GMT" time="70.266" errors="0">
  <testcase name="ValidateStagesInNationalOpportunity" time="70.266" classname="com.tcs.salesforce.tests.SP_OPP_03_ValidateStagesInNationalOpportunity"/>
</testsuite> <!-- com.tcs.salesforce.tests.SP_OPP_03_ValidateStagesInNationalOpportunity -->
