<?xml version="1.0" encoding="UTF-8"?>
<!-- Generated by org.testng.reporters.JUnitReportReporter -->
<testsuite skipped="0" hostname="Asus" name="com.tcs.salesforce.tests.SP_OPP_01_ValidateStagesInLocalOpportunity" tests="1" failures="0" timestamp="23 Sep 2019 10:13:57 GMT" time="76.137" errors="0">
  <testcase name="ValidateStagesInLocalOpportunity" time="76.137" classname="com.tcs.salesforce.tests.SP_OPP_01_ValidateStagesInLocalOpportunity"/>
</testsuite> <!-- com.tcs.salesforce.tests.SP_OPP_01_ValidateStagesInLocalOpportunity -->
