<?xml version="1.0" encoding="UTF-8"?>
<!-- Generated by org.testng.reporters.JUnitReportReporter -->
<testsuite skipped="0" hostname="Asus" name="com.tcs.salesforce.tests.SP_OPP_02_ValidateProbabilityFieldEditabilityInLocalOpportunity" tests="1" failures="0" timestamp="23 Sep 2019 10:13:57 GMT" time="130.780" errors="0">
  <testcase name="ValidateProbabilityFieldEditabilityInLocalOpportunity" time="130.780" classname="com.tcs.salesforce.tests.SP_OPP_02_ValidateProbabilityFieldEditabilityInLocalOpportunity"/>
</testsuite> <!-- com.tcs.salesforce.tests.SP_OPP_02_ValidateProbabilityFieldEditabilityInLocalOpportunity -->
