<?xml version="1.0" encoding="UTF-8"?>
<!-- Generated by org.testng.reporters.JUnitReportReporter -->
<testsuite hostname="01hw1072835" name="com.tcs.salesforce.tests.POC_001_AdeccoMarketPlayers" tests="3" failures="0" timestamp="16 Sep 2019 06:14:21 GMT" time="495.250" errors="0">
  <testcase name="pOC_002_EditMarketPlayer" time="140.506" classname="com.tcs.salesforce.tests.POC_001_AdeccoMarketPlayers"/>
  <testcase name="pOC_003_DeleteMarketPlayer" time="161.699" classname="com.tcs.salesforce.tests.POC_001_AdeccoMarketPlayers"/>
  <testcase name="pOC_001_PotentialAdeccoCreation" time="193.045" classname="com.tcs.salesforce.tests.POC_001_AdeccoMarketPlayers"/>
</testsuite> <!-- com.tcs.salesforce.tests.POC_001_AdeccoMarketPlayers -->
