<?xml version="1.0" encoding="UTF-8"?>
<!-- Generated by org.testng.reporters.JUnitReportReporter -->
<testsuite skipped="0" hostname="Asus" name="com.tcs.salesforce.tests.SP_ACC_01_VerifyEditPermissionOnKAMFieldVirtualAccount" tests="1" failures="0" timestamp="23 Sep 2019 10:13:57 GMT" time="68.285" errors="0">
  <testcase name="VerifyEditPermissionOnKAMFieldVirtualAccount" time="68.285" classname="com.tcs.salesforce.tests.SP_ACC_01_VerifyEditPermissionOnKAMFieldVirtualAccount"/>
</testsuite> <!-- com.tcs.salesforce.tests.SP_ACC_01_VerifyEditPermissionOnKAMFieldVirtualAccount -->
