<?xml version="1.0" encoding="UTF-8"?>
<!-- Generated by org.testng.reporters.JUnitReportReporter -->
<testsuite hostname="01hw1072835" name="com.tcs.salesforce.tests.SP_ACC_01_ValidateHQAccountCreation" tests="2" failures="0" timestamp="12 Sep 2019 06:35:17 GMT" time="160.835" errors="0">
  <testcase name="sP_ACC_01_ValidateHQAccountCreation" time="91.911" classname="com.tcs.salesforce.tests.SP_ACC_01_ValidateHQAccountCreation"/>
  <testcase name="sP_ACC_01_ValidateHQAccountCreation2" time="68.924" classname="com.tcs.salesforce.tests.SP_ACC_01_ValidateHQAccountCreation"/>
</testsuite> <!-- com.tcs.salesforce.tests.SP_ACC_01_ValidateHQAccountCreation -->
