<?xml version="1.0" encoding="UTF-8"?>
<!-- Generated by org.testng.reporters.JUnitReportReporter -->
<testsuite skipped="0" hostname="Asus" name="com.tcs.salesforce.tests.SP_ACTIVITY_01_ValidateControlInEvents" tests="1" failures="0" timestamp="23 Sep 2019 10:55:55 GMT" time="93.191" errors="0">
  <testcase name="ValidateControlInEvent" time="93.191" classname="com.tcs.salesforce.tests.SP_ACTIVITY_01_ValidateControlInEvents"/>
</testsuite> <!-- com.tcs.salesforce.tests.SP_ACTIVITY_01_ValidateControlInEvents -->
