<?xml version="1.0" encoding="UTF-8"?>
<!-- Generated by org.testng.reporters.JUnitReportReporter -->
<testsuite skipped="0" hostname="Asus" name="com.tcs.salesforce.tests.POC_OpportunityValidations" tests="3" failures="0" timestamp="25 Sep 2019 14:10:13 GMT" time="314.291" errors="0">
  <testcase name="opp_001_ValidateStagesInLocalOpportunity" time="84.088" classname="com.tcs.salesforce.tests.POC_OpportunityValidations"/>
  <testcase name="opp_002_ValidateStagesInNationalOpportunity" time="80.372" classname="com.tcs.salesforce.tests.POC_OpportunityValidations"/>
  <testcase name="opp_003_ValidateProbabilityFieldEditabilityInLocalOpportunity" time="149.831" classname="com.tcs.salesforce.tests.POC_OpportunityValidations"/>
</testsuite> <!-- com.tcs.salesforce.tests.POC_OpportunityValidations -->
